{"D:\\CSMAX576\\Backup\\backup0209\\Food Delivery\\fooddeliveryfrontend\\src\\assets\\assets.js": {"path":"D:\\CSMAX576\\Backup\\backup0209\\Food Delivery\\fooddeliveryfrontend\\src\\assets\\assets.js","statementMap":{"0":{"start":{"line":18,"column":22},"end":{"line":34,"column":1}},"1":{"start":{"line":36,"column":25},"end":{"line":74,"column":1}},"2":{"start":{"line":76,"column":25},"end":{"line":172,"column":1}}},"fnMap":{},"branchMap":{},"s":{"0":1,"1":1,"2":1},"f":{},"b":{},"_coverageSchema":"1a1c01bbd47fc00a2c39e90264f33305004495a9","hash":"0195c9d23a5998c0a920b86433830bfcf7d2ae34"}
,"D:\\CSMAX576\\Backup\\backup0209\\Food Delivery\\fooddeliveryfrontend\\src\\components\\FoodItem\\FoodItem.jsx": {"path":"D:\\CSMAX576\\Backup\\backup0209\\Food Delivery\\fooddeliveryfrontend\\src\\components\\FoodItem\\FoodItem.jsx","statementMap":{"0":{"start":{"line":8,"column":17},"end":{"line":57,"column":1}},"1":{"start":{"line":9,"column":56},"end":{"line":9,"column":80}},"2":{"start":{"line":10,"column":19},"end":{"line":10,"column":43}},"3":{"start":{"line":11,"column":2},"end":{"line":56,"column":4}},"4":{"start":{"line":23,"column":27},"end":{"line":23,"column":40}},"5":{"start":{"line":30,"column":29},"end":{"line":30,"column":47}},"6":{"start":{"line":36,"column":29},"end":{"line":36,"column":42}}},"fnMap":{"0":{"name":"(anonymous_0)","decl":{"start":{"line":8,"column":17},"end":{"line":8,"column":18}},"loc":{"start":{"line":8,"column":62},"end":{"line":57,"column":1}},"line":8},"1":{"name":"(anonymous_1)","decl":{"start":{"line":23,"column":21},"end":{"line":23,"column":22}},"loc":{"start":{"line":23,"column":27},"end":{"line":23,"column":40}},"line":23},"2":{"name":"(anonymous_2)","decl":{"start":{"line":30,"column":23},"end":{"line":30,"column":24}},"loc":{"start":{"line":30,"column":29},"end":{"line":30,"column":47}},"line":30},"3":{"name":"(anonymous_3)","decl":{"start":{"line":36,"column":23},"end":{"line":36,"column":24}},"loc":{"start":{"line":36,"column":29},"end":{"line":36,"column":42}},"line":36}},"branchMap":{"0":{"loc":{"start":{"line":20,"column":9},"end":{"line":41,"column":9}},"type":"cond-expr","locations":[{"start":{"line":21,"column":10},"end":{"line":26,"column":12}},{"start":{"line":28,"column":10},"end":{"line":40,"column":16}}],"line":20}},"s":{"0":1,"1":5,"2":5,"3":5,"4":1,"5":1,"6":0},"f":{"0":5,"1":1,"2":1,"3":0},"b":{"0":[3,2]},"_coverageSchema":"1a1c01bbd47fc00a2c39e90264f33305004495a9","hash":"b0729e28e41ca4cb6fecbd4b1395550e08cf21e6"}
,"D:\\CSMAX576\\Backup\\backup0209\\Food Delivery\\fooddeliveryfrontend\\src\\components\\Footer\\Footer.jsx": {"path":"D:\\CSMAX576\\Backup\\backup0209\\Food Delivery\\fooddeliveryfrontend\\src\\components\\Footer\\Footer.jsx","statementMap":{"0":{"start":{"line":7,"column":15},"end":{"line":43,"column":1}},"1":{"start":{"line":8,"column":4},"end":{"line":42,"column":6}}},"fnMap":{"0":{"name":"(anonymous_0)","decl":{"start":{"line":7,"column":15},"end":{"line":7,"column":16}},"loc":{"start":{"line":7,"column":21},"end":{"line":43,"column":1}},"line":7}},"branchMap":{},"s":{"0":1,"1":3},"f":{"0":3},"b":{},"_coverageSchema":"1a1c01bbd47fc00a2c39e90264f33305004495a9","hash":"e0d90ce3c54196486aa013d303615ca3523a9024"}
,"D:\\CSMAX576\\Backup\\backup0209\\Food Delivery\\fooddeliveryfrontend\\src\\components\\Header\\Header.jsx": {"path":"D:\\CSMAX576\\Backup\\backup0209\\Food Delivery\\fooddeliveryfrontend\\src\\components\\Header\\Header.jsx","statementMap":{"0":{"start":{"line":4,"column":15},"end":{"line":14,"column":1}},"1":{"start":{"line":5,"column":2},"end":{"line":13,"column":3}}},"fnMap":{"0":{"name":"(anonymous_0)","decl":{"start":{"line":4,"column":15},"end":{"line":4,"column":16}},"loc":{"start":{"line":4,"column":21},"end":{"line":14,"column":1}},"line":4}},"branchMap":{},"s":{"0":1,"1":1},"f":{"0":1},"b":{},"_coverageSchema":"1a1c01bbd47fc00a2c39e90264f33305004495a9","hash":"d5d04e0d1af984fb400caad93ede42c7fd909703"}
,"D:\\CSMAX576\\Backup\\backup0209\\Food Delivery\\fooddeliveryfrontend\\src\\components\\Login\\Login.jsx": {"path":"D:\\CSMAX576\\Backup\\backup0209\\Food Delivery\\fooddeliveryfrontend\\src\\components\\Login\\Login.jsx","statementMap":{"0":{"start":{"line":7,"column":14},"end":{"line":78,"column":1}},"1":{"start":{"line":8,"column":25},"end":{"line":8,"column":49}},"2":{"start":{"line":9,"column":42},"end":{"line":9,"column":59}},"3":{"start":{"line":10,"column":27},"end":{"line":14,"column":6}},"4":{"start":{"line":15,"column":28},"end":{"line":19,"column":5}},"5":{"start":{"line":16,"column":19},"end":{"line":16,"column":36}},"6":{"start":{"line":17,"column":20},"end":{"line":17,"column":38}},"7":{"start":{"line":18,"column":6},"end":{"line":18,"column":45}},"8":{"start":{"line":18,"column":21},"end":{"line":18,"column":43}},"9":{"start":{"line":21,"column":4},"end":{"line":23,"column":13}},"10":{"start":{"line":22,"column":6},"end":{"line":22,"column":23}},"11":{"start":{"line":25,"column":20},"end":{"line":44,"column":5}},"12":{"start":{"line":26,"column":6},"end":{"line":26,"column":29}},"13":{"start":{"line":27,"column":19},"end":{"line":27,"column":22}},"14":{"start":{"line":28,"column":6},"end":{"line":34,"column":7}},"15":{"start":{"line":29,"column":8},"end":{"line":29,"column":35}},"16":{"start":{"line":33,"column":10},"end":{"line":33,"column":40}},"17":{"start":{"line":35,"column":23},"end":{"line":35,"column":52}},"18":{"start":{"line":36,"column":6},"end":{"line":43,"column":7}},"19":{"start":{"line":37,"column":8},"end":{"line":37,"column":37}},"20":{"start":{"line":38,"column":8},"end":{"line":38,"column":58}},"21":{"start":{"line":39,"column":8},"end":{"line":39,"column":27}},"22":{"start":{"line":42,"column":8},"end":{"line":42,"column":36}},"23":{"start":{"line":47,"column":2},"end":{"line":77,"column":3}},"24":{"start":{"line":53,"column":27},"end":{"line":53,"column":46}},"25":{"start":{"line":70,"column":51},"end":{"line":70,"column":77}},"26":{"start":{"line":72,"column":56},"end":{"line":72,"column":80}}},"fnMap":{"0":{"name":"(anonymous_0)","decl":{"start":{"line":7,"column":14},"end":{"line":7,"column":15}},"loc":{"start":{"line":7,"column":35},"end":{"line":78,"column":1}},"line":7},"1":{"name":"(anonymous_1)","decl":{"start":{"line":15,"column":28},"end":{"line":15,"column":29}},"loc":{"start":{"line":15,"column":38},"end":{"line":19,"column":5}},"line":15},"2":{"name":"(anonymous_2)","decl":{"start":{"line":18,"column":14},"end":{"line":18,"column":15}},"loc":{"start":{"line":18,"column":21},"end":{"line":18,"column":43}},"line":18},"3":{"name":"(anonymous_3)","decl":{"start":{"line":21,"column":14},"end":{"line":21,"column":15}},"loc":{"start":{"line":21,"column":18},"end":{"line":23,"column":5}},"line":21},"4":{"name":"(anonymous_4)","decl":{"start":{"line":25,"column":20},"end":{"line":25,"column":21}},"loc":{"start":{"line":25,"column":37},"end":{"line":44,"column":5}},"line":25},"5":{"name":"(anonymous_5)","decl":{"start":{"line":53,"column":21},"end":{"line":53,"column":22}},"loc":{"start":{"line":53,"column":27},"end":{"line":53,"column":46}},"line":53},"6":{"name":"(anonymous_6)","decl":{"start":{"line":70,"column":47},"end":{"line":70,"column":48}},"loc":{"start":{"line":70,"column":51},"end":{"line":70,"column":77}},"line":70},"7":{"name":"(anonymous_7)","decl":{"start":{"line":72,"column":52},"end":{"line":72,"column":53}},"loc":{"start":{"line":72,"column":56},"end":{"line":72,"column":80}},"line":72}},"branchMap":{"0":{"loc":{"start":{"line":28,"column":6},"end":{"line":34,"column":7}},"type":"if","locations":[{"start":{"line":28,"column":6},"end":{"line":34,"column":7}},{"start":{"line":32,"column":10},"end":{"line":34,"column":7}}],"line":28},"1":{"loc":{"start":{"line":36,"column":6},"end":{"line":43,"column":7}},"type":"if","locations":[{"start":{"line":36,"column":6},"end":{"line":43,"column":7}},{"start":{"line":41,"column":10},"end":{"line":43,"column":7}}],"line":36},"2":{"loc":{"start":{"line":59,"column":9},"end":{"line":59,"column":160}},"type":"cond-expr","locations":[{"start":{"line":59,"column":34},"end":{"line":59,"column":39}},{"start":{"line":59,"column":42},"end":{"line":59,"column":160}}],"line":59},"3":{"loc":{"start":{"line":64,"column":30},"end":{"line":64,"column":83}},"type":"cond-expr","locations":[{"start":{"line":64,"column":57},"end":{"line":64,"column":73}},{"start":{"line":64,"column":76},"end":{"line":64,"column":83}}],"line":64},"4":{"loc":{"start":{"line":69,"column":8},"end":{"line":72,"column":103}},"type":"cond-expr","locations":[{"start":{"line":70,"column":7},"end":{"line":70,"column":102}},{"start":{"line":72,"column":7},"end":{"line":72,"column":103}}],"line":69}},"s":{"0":1,"1":11,"2":11,"3":11,"4":11,"5":6,"6":6,"7":6,"8":6,"9":11,"10":11,"11":11,"12":0,"13":0,"14":0,"15":0,"16":0,"17":0,"18":0,"19":0,"20":0,"21":0,"22":0,"23":11,"24":1,"25":0,"26":0},"f":{"0":11,"1":6,"2":6,"3":11,"4":0,"5":1,"6":0,"7":0},"b":{"0":[0,0],"1":[0,0],"2":[11,0],"3":[0,11],"4":[11,0]},"_coverageSchema":"1a1c01bbd47fc00a2c39e90264f33305004495a9","hash":"b26cbe628a30833b626fc14de5a7926a51ece3e5"}
,"D:\\CSMAX576\\Backup\\backup0209\\Food Delivery\\fooddeliveryfrontend\\src\\components\\Navbar\\Navbar.jsx": {"path":"D:\\CSMAX576\\Backup\\backup0209\\Food Delivery\\fooddeliveryfrontend\\src\\components\\Navbar\\Navbar.jsx","statementMap":{"0":{"start":{"line":11,"column":15},"end":{"line":63,"column":1}},"1":{"start":{"line":12,"column":19},"end":{"line":12,"column":32}},"2":{"start":{"line":13,"column":25},"end":{"line":13,"column":41}},"3":{"start":{"line":14,"column":46},"end":{"line":14,"column":70}},"4":{"start":{"line":15,"column":15},"end":{"line":20,"column":1}},"5":{"start":{"line":16,"column":2},"end":{"line":16,"column":35}},"6":{"start":{"line":17,"column":2},"end":{"line":17,"column":14}},"7":{"start":{"line":18,"column":2},"end":{"line":18,"column":16}},"8":{"start":{"line":22,"column":16},"end":{"line":24,"column":1}},"9":{"start":{"line":23,"column":2},"end":{"line":23,"column":24}},"10":{"start":{"line":25,"column":2},"end":{"line":62,"column":3}},"11":{"start":{"line":31,"column":34},"end":{"line":31,"column":49}},"12":{"start":{"line":32,"column":37},"end":{"line":32,"column":52}},"13":{"start":{"line":33,"column":39},"end":{"line":33,"column":60}},"14":{"start":{"line":45,"column":39},"end":{"line":45,"column":57}}},"fnMap":{"0":{"name":"(anonymous_0)","decl":{"start":{"line":11,"column":15},"end":{"line":11,"column":16}},"loc":{"start":{"line":11,"column":35},"end":{"line":63,"column":1}},"line":11},"1":{"name":"(anonymous_1)","decl":{"start":{"line":15,"column":15},"end":{"line":15,"column":16}},"loc":{"start":{"line":15,"column":20},"end":{"line":20,"column":1}},"line":15},"2":{"name":"(anonymous_2)","decl":{"start":{"line":22,"column":16},"end":{"line":22,"column":17}},"loc":{"start":{"line":22,"column":22},"end":{"line":24,"column":1}},"line":22},"3":{"name":"(anonymous_3)","decl":{"start":{"line":31,"column":30},"end":{"line":31,"column":31}},"loc":{"start":{"line":31,"column":34},"end":{"line":31,"column":49}},"line":31},"4":{"name":"(anonymous_4)","decl":{"start":{"line":32,"column":33},"end":{"line":32,"column":34}},"loc":{"start":{"line":32,"column":37},"end":{"line":32,"column":52}},"line":32},"5":{"name":"(anonymous_5)","decl":{"start":{"line":33,"column":35},"end":{"line":33,"column":36}},"loc":{"start":{"line":33,"column":39},"end":{"line":33,"column":60}},"line":33},"6":{"name":"(anonymous_6)","decl":{"start":{"line":45,"column":35},"end":{"line":45,"column":36}},"loc":{"start":{"line":45,"column":39},"end":{"line":45,"column":57}},"line":45}},"branchMap":{"0":{"loc":{"start":{"line":31,"column":62},"end":{"line":31,"column":87}},"type":"cond-expr","locations":[{"start":{"line":31,"column":76},"end":{"line":31,"column":84}},{"start":{"line":31,"column":85},"end":{"line":31,"column":87}}],"line":31},"1":{"loc":{"start":{"line":32,"column":65},"end":{"line":32,"column":90}},"type":"cond-expr","locations":[{"start":{"line":32,"column":79},"end":{"line":32,"column":87}},{"start":{"line":32,"column":88},"end":{"line":32,"column":90}}],"line":32},"2":{"loc":{"start":{"line":33,"column":73},"end":{"line":33,"column":104}},"type":"cond-expr","locations":[{"start":{"line":33,"column":93},"end":{"line":33,"column":101}},{"start":{"line":33,"column":102},"end":{"line":33,"column":104}}],"line":33},"3":{"loc":{"start":{"line":43,"column":26},"end":{"line":43,"column":60}},"type":"cond-expr","locations":[{"start":{"line":43,"column":51},"end":{"line":43,"column":54}},{"start":{"line":43,"column":55},"end":{"line":43,"column":60}}],"line":43},"4":{"loc":{"start":{"line":45,"column":9},"end":{"line":56,"column":16}},"type":"cond-expr","locations":[{"start":{"line":45,"column":18},"end":{"line":45,"column":75}},{"start":{"line":47,"column":8},"end":{"line":56,"column":16}}],"line":45}},"s":{"0":1,"1":7,"2":7,"3":7,"4":7,"5":1,"6":1,"7":1,"8":7,"9":0,"10":7,"11":0,"12":0,"13":0,"14":1},"f":{"0":7,"1":1,"2":0,"3":0,"4":0,"5":0,"6":1},"b":{"0":[0,7],"1":[0,7],"2":[0,7],"3":[0,7],"4":[2,5]},"_coverageSchema":"1a1c01bbd47fc00a2c39e90264f33305004495a9","hash":"fc208945293281559742029123c59b7816075a46"}
,"D:\\CSMAX576\\Backup\\backup0209\\Food Delivery\\fooddeliveryfrontend\\src\\data\\storeContext.jsx": {"path":"D:\\CSMAX576\\Backup\\backup0209\\Food Delivery\\fooddeliveryfrontend\\src\\data\\storeContext.jsx","statementMap":{"0":{"start":{"line":98,"column":28},"end":{"line":98,"column":47}},"1":{"start":{"line":100,"column":29},"end":{"line":191,"column":1}},"2":{"start":{"line":101,"column":36},"end":{"line":101,"column":48}},"3":{"start":{"line":102,"column":14},"end":{"line":102,"column":37}},"4":{"start":{"line":103,"column":28},"end":{"line":103,"column":38}},"5":{"start":{"line":104,"column":35},"end":{"line":104,"column":47}},"6":{"start":{"line":105,"column":19},"end":{"line":105,"column":22}},"7":{"start":{"line":106,"column":25},"end":{"line":106,"column":26}},"8":{"start":{"line":108,"column":20},"end":{"line":118,"column":3}},"9":{"start":{"line":109,"column":4},"end":{"line":109,"column":48}},"10":{"start":{"line":110,"column":4},"end":{"line":114,"column":5}},"11":{"start":{"line":111,"column":6},"end":{"line":111,"column":57}},"12":{"start":{"line":111,"column":30},"end":{"line":111,"column":54}},"13":{"start":{"line":113,"column":6},"end":{"line":113,"column":72}},"14":{"start":{"line":113,"column":30},"end":{"line":113,"column":69}},"15":{"start":{"line":115,"column":4},"end":{"line":117,"column":5}},"16":{"start":{"line":116,"column":6},"end":{"line":116,"column":82}},"17":{"start":{"line":120,"column":25},"end":{"line":132,"column":3}},"18":{"start":{"line":121,"column":4},"end":{"line":121,"column":50}},"19":{"start":{"line":122,"column":4},"end":{"line":128,"column":5}},"20":{"start":{"line":123,"column":6},"end":{"line":123,"column":72}},"21":{"start":{"line":123,"column":30},"end":{"line":123,"column":69}},"22":{"start":{"line":125,"column":31},"end":{"line":125,"column":47}},"23":{"start":{"line":126,"column":6},"end":{"line":126,"column":38}},"24":{"start":{"line":127,"column":6},"end":{"line":127,"column":37}},"25":{"start":{"line":129,"column":4},"end":{"line":131,"column":5}},"26":{"start":{"line":130,"column":6},"end":{"line":130,"column":85}},"27":{"start":{"line":134,"column":29},"end":{"line":145,"column":3}},"28":{"start":{"line":135,"column":22},"end":{"line":135,"column":23}},"29":{"start":{"line":136,"column":4},"end":{"line":143,"column":5}},"30":{"start":{"line":137,"column":6},"end":{"line":142,"column":7}},"31":{"start":{"line":138,"column":23},"end":{"line":138,"column":72}},"32":{"start":{"line":138,"column":51},"end":{"line":138,"column":71}},"33":{"start":{"line":139,"column":8},"end":{"line":141,"column":9}},"34":{"start":{"line":140,"column":10},"end":{"line":140,"column":58}},"35":{"start":{"line":144,"column":4},"end":{"line":144,"column":23}},"36":{"start":{"line":147,"column":24},"end":{"line":150,"column":3}},"37":{"start":{"line":148,"column":21},"end":{"line":148,"column":60}},"38":{"start":{"line":149,"column":4},"end":{"line":149,"column":36}},"39":{"start":{"line":152,"column":23},"end":{"line":157,"column":3}},"40":{"start":{"line":153,"column":21},"end":{"line":153,"column":83}},"41":{"start":{"line":154,"column":4},"end":{"line":156,"column":5}},"42":{"start":{"line":155,"column":6},"end":{"line":155,"column":43}},"43":{"start":{"line":159,"column":2},"end":{"line":169,"column":9}},"44":{"start":{"line":161,"column":6},"end":{"line":161,"column":28}},"45":{"start":{"line":162,"column":26},"end":{"line":162,"column":55}},"46":{"start":{"line":163,"column":6},"end":{"line":166,"column":7}},"47":{"start":{"line":164,"column":8},"end":{"line":164,"column":30}},"48":{"start":{"line":165,"column":8},"end":{"line":165,"column":40}},"49":{"start":{"line":168,"column":4},"end":{"line":168,"column":15}},"50":{"start":{"line":171,"column":23},"end":{"line":184,"column":3}},"51":{"start":{"line":186,"column":2},"end":{"line":190,"column":4}}},"fnMap":{"0":{"name":"(anonymous_0)","decl":{"start":{"line":100,"column":29},"end":{"line":100,"column":30}},"loc":{"start":{"line":100,"column":40},"end":{"line":191,"column":1}},"line":100},"1":{"name":"(anonymous_1)","decl":{"start":{"line":108,"column":20},"end":{"line":108,"column":21}},"loc":{"start":{"line":108,"column":38},"end":{"line":118,"column":3}},"line":108},"2":{"name":"(anonymous_2)","decl":{"start":{"line":111,"column":19},"end":{"line":111,"column":20}},"loc":{"start":{"line":111,"column":30},"end":{"line":111,"column":54}},"line":111},"3":{"name":"(anonymous_3)","decl":{"start":{"line":113,"column":19},"end":{"line":113,"column":20}},"loc":{"start":{"line":113,"column":30},"end":{"line":113,"column":69}},"line":113},"4":{"name":"(anonymous_4)","decl":{"start":{"line":120,"column":25},"end":{"line":120,"column":26}},"loc":{"start":{"line":120,"column":43},"end":{"line":132,"column":3}},"line":120},"5":{"name":"(anonymous_5)","decl":{"start":{"line":123,"column":19},"end":{"line":123,"column":20}},"loc":{"start":{"line":123,"column":30},"end":{"line":123,"column":69}},"line":123},"6":{"name":"(anonymous_6)","decl":{"start":{"line":134,"column":29},"end":{"line":134,"column":30}},"loc":{"start":{"line":134,"column":35},"end":{"line":145,"column":3}},"line":134},"7":{"name":"(anonymous_7)","decl":{"start":{"line":138,"column":38},"end":{"line":138,"column":39}},"loc":{"start":{"line":138,"column":51},"end":{"line":138,"column":71}},"line":138},"8":{"name":"(anonymous_8)","decl":{"start":{"line":147,"column":24},"end":{"line":147,"column":25}},"loc":{"start":{"line":147,"column":36},"end":{"line":150,"column":3}},"line":147},"9":{"name":"(anonymous_9)","decl":{"start":{"line":152,"column":23},"end":{"line":152,"column":24}},"loc":{"start":{"line":152,"column":40},"end":{"line":157,"column":3}},"line":152},"10":{"name":"(anonymous_10)","decl":{"start":{"line":159,"column":12},"end":{"line":159,"column":13}},"loc":{"start":{"line":159,"column":18},"end":{"line":169,"column":3}},"line":159},"11":{"name":"loadData","decl":{"start":{"line":160,"column":19},"end":{"line":160,"column":27}},"loc":{"start":{"line":160,"column":30},"end":{"line":167,"column":5}},"line":160}},"branchMap":{"0":{"loc":{"start":{"line":110,"column":4},"end":{"line":114,"column":5}},"type":"if","locations":[{"start":{"line":110,"column":4},"end":{"line":114,"column":5}},{"start":{"line":112,"column":11},"end":{"line":114,"column":5}}],"line":110},"1":{"loc":{"start":{"line":115,"column":4},"end":{"line":117,"column":5}},"type":"if","locations":[{"start":{"line":115,"column":4},"end":{"line":117,"column":5}},{"start":{},"end":{}}],"line":115},"2":{"loc":{"start":{"line":122,"column":4},"end":{"line":128,"column":5}},"type":"if","locations":[{"start":{"line":122,"column":4},"end":{"line":128,"column":5}},{"start":{"line":124,"column":11},"end":{"line":128,"column":5}}],"line":122},"3":{"loc":{"start":{"line":129,"column":4},"end":{"line":131,"column":5}},"type":"if","locations":[{"start":{"line":129,"column":4},"end":{"line":131,"column":5}},{"start":{},"end":{}}],"line":129},"4":{"loc":{"start":{"line":137,"column":6},"end":{"line":142,"column":7}},"type":"if","locations":[{"start":{"line":137,"column":6},"end":{"line":142,"column":7}},{"start":{},"end":{}}],"line":137},"5":{"loc":{"start":{"line":139,"column":8},"end":{"line":141,"column":9}},"type":"if","locations":[{"start":{"line":139,"column":8},"end":{"line":141,"column":9}},{"start":{},"end":{}}],"line":139},"6":{"loc":{"start":{"line":154,"column":4},"end":{"line":156,"column":5}},"type":"if","locations":[{"start":{"line":154,"column":4},"end":{"line":156,"column":5}},{"start":{},"end":{}}],"line":154},"7":{"loc":{"start":{"line":163,"column":6},"end":{"line":166,"column":7}},"type":"if","locations":[{"start":{"line":163,"column":6},"end":{"line":166,"column":7}},{"start":{},"end":{}}],"line":163}},"s":{"0":5,"1":5,"2":0,"3":0,"4":0,"5":0,"6":0,"7":0,"8":0,"9":0,"10":0,"11":0,"12":0,"13":0,"14":0,"15":0,"16":0,"17":0,"18":0,"19":0,"20":0,"21":0,"22":0,"23":0,"24":0,"25":0,"26":0,"27":0,"28":0,"29":0,"30":0,"31":0,"32":0,"33":0,"34":0,"35":0,"36":0,"37":0,"38":0,"39":0,"40":0,"41":0,"42":0,"43":0,"44":0,"45":0,"46":0,"47":0,"48":0,"49":0,"50":0,"51":0},"f":{"0":0,"1":0,"2":0,"3":0,"4":0,"5":0,"6":0,"7":0,"8":0,"9":0,"10":0,"11":0},"b":{"0":[0,0],"1":[0,0],"2":[0,0],"3":[0,0],"4":[0,0],"5":[0,0],"6":[0,0],"7":[0,0]},"_coverageSchema":"1a1c01bbd47fc00a2c39e90264f33305004495a9","hash":"9f39b018b0a96ed330a0a6c39f11f75849297b57"}
,"D:\\CSMAX576\\Backup\\backup0209\\Food Delivery\\fooddeliveryfrontend\\src\\pages\\Cart\\Cart.jsx": {"path":"D:\\CSMAX576\\Backup\\backup0209\\Food Delivery\\fooddeliveryfrontend\\src\\pages\\Cart\\Cart.jsx","statementMap":{"0":{"start":{"line":6,"column":13},"end":{"line":81,"column":1}},"1":{"start":{"line":7,"column":71},"end":{"line":7,"column":95}},"2":{"start":{"line":9,"column":19},"end":{"line":9,"column":32}},"3":{"start":{"line":10,"column":2},"end":{"line":80,"column":3}},"4":{"start":{"line":24,"column":10},"end":{"line":40,"column":11}},"5":{"start":{"line":26,"column":12},"end":{"line":39,"column":13}},"6":{"start":{"line":35,"column":32},"end":{"line":35,"column":56}},"7":{"start":{"line":66,"column":31},"end":{"line":66,"column":49}}},"fnMap":{"0":{"name":"(anonymous_0)","decl":{"start":{"line":6,"column":13},"end":{"line":6,"column":14}},"loc":{"start":{"line":6,"column":19},"end":{"line":81,"column":1}},"line":6},"1":{"name":"(anonymous_1)","decl":{"start":{"line":23,"column":23},"end":{"line":23,"column":24}},"loc":{"start":{"line":23,"column":37},"end":{"line":41,"column":9}},"line":23},"2":{"name":"(anonymous_2)","decl":{"start":{"line":35,"column":28},"end":{"line":35,"column":29}},"loc":{"start":{"line":35,"column":32},"end":{"line":35,"column":56}},"line":35},"3":{"name":"(anonymous_3)","decl":{"start":{"line":66,"column":27},"end":{"line":66,"column":28}},"loc":{"start":{"line":66,"column":31},"end":{"line":66,"column":49}},"line":66}},"branchMap":{"0":{"loc":{"start":{"line":24,"column":10},"end":{"line":40,"column":11}},"type":"if","locations":[{"start":{"line":24,"column":10},"end":{"line":40,"column":11}},{"start":{},"end":{}}],"line":24},"1":{"loc":{"start":{"line":56,"column":19},"end":{"line":56,"column":47}},"type":"cond-expr","locations":[{"start":{"line":56,"column":44},"end":{"line":56,"column":45}},{"start":{"line":56,"column":46},"end":{"line":56,"column":47}}],"line":56},"2":{"loc":{"start":{"line":61,"column":19},"end":{"line":61,"column":68}},"type":"cond-expr","locations":[{"start":{"line":61,"column":44},"end":{"line":61,"column":45}},{"start":{"line":61,"column":46},"end":{"line":61,"column":68}}],"line":61}},"s":{"0":1,"1":3,"2":2,"3":2,"4":2,"5":2,"6":1,"7":0},"f":{"0":3,"1":2,"2":1,"3":0},"b":{"0":[2,0],"1":[0,2],"2":[0,2]},"_coverageSchema":"1a1c01bbd47fc00a2c39e90264f33305004495a9","hash":"82ffc7ea62193a9747488c7bf2bd1248b3143f86"}
,"D:\\CSMAX576\\Backup\\backup0209\\Food Delivery\\fooddeliveryfrontend\\src\\pages\\Home\\Home.jsx": {"path":"D:\\CSMAX576\\Backup\\backup0209\\Food Delivery\\fooddeliveryfrontend\\src\\pages\\Home\\Home.jsx","statementMap":{"0":{"start":{"line":7,"column":13},"end":{"line":16,"column":1}},"1":{"start":{"line":8,"column":36},"end":{"line":8,"column":51}},"2":{"start":{"line":9,"column":2},"end":{"line":15,"column":3}}},"fnMap":{"0":{"name":"(anonymous_0)","decl":{"start":{"line":7,"column":13},"end":{"line":7,"column":14}},"loc":{"start":{"line":7,"column":19},"end":{"line":16,"column":1}},"line":7}},"branchMap":{},"s":{"0":1,"1":1,"2":1},"f":{"0":1},"b":{},"_coverageSchema":"1a1c01bbd47fc00a2c39e90264f33305004495a9","hash":"11dc7485a063108851a7735ee52a3c8293fecb72"}
,"D:\\CSMAX576\\Backup\\backup0209\\Food Delivery\\fooddeliveryfrontend\\src\\pages\\MyOrders\\MyOrders.jsx": {"path":"D:\\CSMAX576\\Backup\\backup0209\\Food Delivery\\fooddeliveryfrontend\\src\\pages\\MyOrders\\MyOrders.jsx","statementMap":{"0":{"start":{"line":6,"column":17},"end":{"line":49,"column":1}},"1":{"start":{"line":8,"column":28},"end":{"line":8,"column":40}},"2":{"start":{"line":9,"column":31},"end":{"line":9,"column":55}},"3":{"start":{"line":11,"column":22},"end":{"line":14,"column":3}},"4":{"start":{"line":12,"column":21},"end":{"line":12,"column":87}},"5":{"start":{"line":13,"column":4},"end":{"line":13,"column":31}},"6":{"start":{"line":16,"column":2},"end":{"line":20,"column":12}},"7":{"start":{"line":17,"column":4},"end":{"line":19,"column":5}},"8":{"start":{"line":18,"column":6},"end":{"line":18,"column":20}},"9":{"start":{"line":22,"column":2},"end":{"line":48,"column":3}},"10":{"start":{"line":27,"column":8},"end":{"line":44,"column":9}},"11":{"start":{"line":31,"column":16},"end":{"line":36,"column":17}},"12":{"start":{"line":32,"column":18},"end":{"line":32,"column":54}},"13":{"start":{"line":35,"column":18},"end":{"line":35,"column":59}}},"fnMap":{"0":{"name":"(anonymous_0)","decl":{"start":{"line":6,"column":17},"end":{"line":6,"column":18}},"loc":{"start":{"line":6,"column":23},"end":{"line":49,"column":1}},"line":6},"1":{"name":"(anonymous_1)","decl":{"start":{"line":11,"column":22},"end":{"line":11,"column":23}},"loc":{"start":{"line":11,"column":34},"end":{"line":14,"column":3}},"line":11},"2":{"name":"(anonymous_2)","decl":{"start":{"line":16,"column":12},"end":{"line":16,"column":13}},"loc":{"start":{"line":16,"column":16},"end":{"line":20,"column":3}},"line":16},"3":{"name":"(anonymous_3)","decl":{"start":{"line":26,"column":16},"end":{"line":26,"column":17}},"loc":{"start":{"line":26,"column":31},"end":{"line":45,"column":7}},"line":26},"4":{"name":"(anonymous_4)","decl":{"start":{"line":30,"column":34},"end":{"line":30,"column":35}},"loc":{"start":{"line":30,"column":48},"end":{"line":38,"column":15}},"line":30}},"branchMap":{"0":{"loc":{"start":{"line":17,"column":4},"end":{"line":19,"column":5}},"type":"if","locations":[{"start":{"line":17,"column":4},"end":{"line":19,"column":5}},{"start":{},"end":{}}],"line":17},"1":{"loc":{"start":{"line":31,"column":16},"end":{"line":36,"column":17}},"type":"if","locations":[{"start":{"line":31,"column":16},"end":{"line":36,"column":17}},{"start":{"line":34,"column":20},"end":{"line":36,"column":17}}],"line":31}},"s":{"0":1,"1":2,"2":2,"3":2,"4":1,"5":1,"6":2,"7":1,"8":1,"9":2,"10":2,"11":3,"12":2,"13":1},"f":{"0":2,"1":1,"2":1,"3":2,"4":3},"b":{"0":[1,0],"1":[2,1]},"_coverageSchema":"1a1c01bbd47fc00a2c39e90264f33305004495a9","hash":"ae280747b5b334cb3ef32304696410207507d679"}
}
