TN:
SF:src\assets\assets.js
FNF:0
FNH:0
DA:18,1
DA:36,1
DA:76,1
LF:3
LH:3
BRF:0
BRH:0
end_of_record
TN:
SF:src\components\FoodItem\FoodItem.jsx
FN:8,(anonymous_0)
FN:23,(anonymous_1)
FN:30,(anonymous_2)
FN:36,(anonymous_3)
FNF:4
FNH:3
FNDA:5,(anonymous_0)
FNDA:1,(anonymous_1)
FNDA:1,(anonymous_2)
FNDA:0,(anonymous_3)
DA:8,1
DA:9,5
DA:10,5
DA:11,5
DA:23,1
DA:30,1
DA:36,0
LF:7
LH:6
BRDA:20,0,0,3
BRDA:20,0,1,2
BRF:2
BRH:2
end_of_record
TN:
SF:src\components\Footer\Footer.jsx
FN:7,(anonymous_0)
FNF:1
FNH:1
FNDA:3,(anonymous_0)
DA:7,1
DA:8,3
LF:2
LH:2
BRF:0
BRH:0
end_of_record
TN:
SF:src\components\Header\Header.jsx
FN:4,(anonymous_0)
FNF:1
FNH:1
FNDA:1,(anonymous_0)
DA:4,1
DA:5,1
LF:2
LH:2
BRF:0
BRH:0
end_of_record
TN:
SF:src\components\Login\Login.jsx
FN:7,(anonymous_0)
FN:15,(anonymous_1)
FN:18,(anonymous_2)
FN:21,(anonymous_3)
FN:25,(anonymous_4)
FN:53,(anonymous_5)
FN:70,(anonymous_6)
FN:72,(anonymous_7)
FNF:8
FNH:5
FNDA:11,(anonymous_0)
FNDA:6,(anonymous_1)
FNDA:6,(anonymous_2)
FNDA:11,(anonymous_3)
FNDA:0,(anonymous_4)
FNDA:1,(anonymous_5)
FNDA:0,(anonymous_6)
FNDA:0,(anonymous_7)
DA:7,1
DA:8,11
DA:9,11
DA:10,11
DA:15,11
DA:16,6
DA:17,6
DA:18,6
DA:21,11
DA:22,11
DA:25,11
DA:26,0
DA:27,0
DA:28,0
DA:29,0
DA:33,0
DA:35,0
DA:36,0
DA:37,0
DA:38,0
DA:39,0
DA:42,0
DA:47,11
DA:53,1
DA:70,0
DA:72,0
LF:26
LH:13
BRDA:28,0,0,0
BRDA:28,0,1,0
BRDA:36,1,0,0
BRDA:36,1,1,0
BRDA:59,2,0,11
BRDA:59,2,1,0
BRDA:64,3,0,0
BRDA:64,3,1,11
BRDA:69,4,0,11
BRDA:69,4,1,0
BRF:10
BRH:3
end_of_record
TN:
SF:src\components\Navbar\Navbar.jsx
FN:11,(anonymous_0)
FN:15,(anonymous_1)
FN:22,(anonymous_2)
FN:31,(anonymous_3)
FN:32,(anonymous_4)
FN:33,(anonymous_5)
FN:45,(anonymous_6)
FNF:7
FNH:3
FNDA:7,(anonymous_0)
FNDA:1,(anonymous_1)
FNDA:0,(anonymous_2)
FNDA:0,(anonymous_3)
FNDA:0,(anonymous_4)
FNDA:0,(anonymous_5)
FNDA:1,(anonymous_6)
DA:11,1
DA:12,7
DA:13,7
DA:14,7
DA:15,7
DA:16,1
DA:17,1
DA:18,1
DA:22,7
DA:23,0
DA:25,7
DA:31,0
DA:32,0
DA:33,0
DA:45,1
LF:15
LH:11
BRDA:31,0,0,0
BRDA:31,0,1,7
BRDA:32,1,0,0
BRDA:32,1,1,7
BRDA:33,2,0,0
BRDA:33,2,1,7
BRDA:43,3,0,0
BRDA:43,3,1,7
BRDA:45,4,0,2
BRDA:45,4,1,5
BRF:10
BRH:6
end_of_record
TN:
SF:src\data\storeContext.jsx
FN:100,(anonymous_0)
FN:108,(anonymous_1)
FN:111,(anonymous_2)
FN:113,(anonymous_3)
FN:120,(anonymous_4)
FN:123,(anonymous_5)
FN:134,(anonymous_6)
FN:138,(anonymous_7)
FN:147,(anonymous_8)
FN:152,(anonymous_9)
FN:159,(anonymous_10)
FN:160,loadData
FNF:12
FNH:0
FNDA:0,(anonymous_0)
FNDA:0,(anonymous_1)
FNDA:0,(anonymous_2)
FNDA:0,(anonymous_3)
FNDA:0,(anonymous_4)
FNDA:0,(anonymous_5)
FNDA:0,(anonymous_6)
FNDA:0,(anonymous_7)
FNDA:0,(anonymous_8)
FNDA:0,(anonymous_9)
FNDA:0,(anonymous_10)
FNDA:0,loadData
DA:98,5
DA:100,5
DA:101,0
DA:102,0
DA:103,0
DA:104,0
DA:105,0
DA:106,0
DA:108,0
DA:109,0
DA:110,0
DA:111,0
DA:113,0
DA:115,0
DA:116,0
DA:120,0
DA:121,0
DA:122,0
DA:123,0
DA:125,0
DA:126,0
DA:127,0
DA:129,0
DA:130,0
DA:134,0
DA:135,0
DA:136,0
DA:137,0
DA:138,0
DA:139,0
DA:140,0
DA:144,0
DA:147,0
DA:148,0
DA:149,0
DA:152,0
DA:153,0
DA:154,0
DA:155,0
DA:159,0
DA:161,0
DA:162,0
DA:163,0
DA:164,0
DA:165,0
DA:168,0
DA:171,0
DA:186,0
LF:48
LH:2
BRDA:110,0,0,0
BRDA:110,0,1,0
BRDA:115,1,0,0
BRDA:115,1,1,0
BRDA:122,2,0,0
BRDA:122,2,1,0
BRDA:129,3,0,0
BRDA:129,3,1,0
BRDA:137,4,0,0
BRDA:137,4,1,0
BRDA:139,5,0,0
BRDA:139,5,1,0
BRDA:154,6,0,0
BRDA:154,6,1,0
BRDA:163,7,0,0
BRDA:163,7,1,0
BRF:16
BRH:0
end_of_record
TN:
SF:src\pages\Cart\Cart.jsx
FN:6,(anonymous_0)
FN:23,(anonymous_1)
FN:35,(anonymous_2)
FN:66,(anonymous_3)
FNF:4
FNH:3
FNDA:3,(anonymous_0)
FNDA:2,(anonymous_1)
FNDA:1,(anonymous_2)
FNDA:0,(anonymous_3)
DA:6,1
DA:7,3
DA:9,2
DA:10,2
DA:24,2
DA:26,2
DA:35,1
DA:66,0
LF:8
LH:7
BRDA:24,0,0,2
BRDA:24,0,1,0
BRDA:56,1,0,0
BRDA:56,1,1,2
BRDA:61,2,0,0
BRDA:61,2,1,2
BRF:6
BRH:3
end_of_record
TN:
SF:src\pages\Home\Home.jsx
FN:7,(anonymous_0)
FNF:1
FNH:1
FNDA:1,(anonymous_0)
DA:7,1
DA:8,1
DA:9,1
LF:3
LH:3
BRF:0
BRH:0
end_of_record
TN:
SF:src\pages\MyOrders\MyOrders.jsx
FN:6,(anonymous_0)
FN:11,(anonymous_1)
FN:16,(anonymous_2)
FN:26,(anonymous_3)
FN:30,(anonymous_4)
FNF:5
FNH:5
FNDA:2,(anonymous_0)
FNDA:1,(anonymous_1)
FNDA:1,(anonymous_2)
FNDA:2,(anonymous_3)
FNDA:3,(anonymous_4)
DA:6,1
DA:8,2
DA:9,2
DA:11,2
DA:12,1
DA:13,1
DA:16,2
DA:17,1
DA:18,1
DA:22,2
DA:27,2
DA:31,3
DA:32,2
DA:35,1
LF:14
LH:14
BRDA:17,0,0,1
BRDA:17,0,1,0
BRDA:31,1,0,2
BRDA:31,1,1,1
BRF:4
BRH:3
end_of_record
